Unity Editor version:    2023.1.10f1 (661833f8c66c)
Branch:                  2023.1/staging
Build type:              Release
Batch mode:              YES
macOS version:           Version 13.5.1 (Build 22G90)
Darwin version:          22.6.0
Architecture:            x86_64
Running under Rosetta:   NO
Available memory:        16384 MB
Using pre-set license
Pro License: YES

COMMAND LINE ARGUMENTS:
/Applications/Unity/Hub/Editor/2023.1.10f1/Unity.app/Contents/MacOS/Unity
-adb2
-batchMode
-noUpm
-name
AssetImportWorker8
-projectPath
/Users/akaganov25/Documents/GitHub/Bjorn-AriGame/Bjorn-Ari-Game
-logFile
Logs/AssetImportWorker8.log
-srvPort
49586
Successfully changed project path to: /Users/akaganov25/Documents/GitHub/Bjorn-AriGame/Bjorn-Ari-Game
/Users/akaganov25/Documents/GitHub/Bjorn-AriGame/Bjorn-Ari-Game
[UnityMemory] Configuration Parameters - Can be set up in boot.config
    "memorysetup-bucket-allocator-granularity=16"
    "memorysetup-bucket-allocator-bucket-count=8"
    "memorysetup-bucket-allocator-block-size=33554432"
    "memorysetup-bucket-allocator-block-count=8"
    "memorysetup-main-allocator-block-size=16777216"
    "memorysetup-thread-allocator-block-size=16777216"
    "memorysetup-gfx-main-allocator-block-size=16777216"
    "memorysetup-gfx-thread-allocator-block-size=16777216"
    "memorysetup-cache-allocator-block-size=4194304"
    "memorysetup-typetree-allocator-block-size=2097152"
    "memorysetup-profiler-bucket-allocator-granularity=16"
    "memorysetup-profiler-bucket-allocator-bucket-count=8"
    "memorysetup-profiler-bucket-allocator-block-size=33554432"
    "memorysetup-profiler-bucket-allocator-block-count=8"
    "memorysetup-profiler-allocator-block-size=16777216"
    "memorysetup-profiler-editor-allocator-block-size=1048576"
    "memorysetup-temp-allocator-size-main=16777216"
    "memorysetup-job-temp-allocator-block-size=2097152"
    "memorysetup-job-temp-allocator-block-size-background=1048576"
    "memorysetup-job-temp-allocator-reduction-small-platforms=262144"
    "memorysetup-allocator-temp-initial-block-size-main=262144"
    "memorysetup-allocator-temp-initial-block-size-worker=262144"
    "memorysetup-temp-allocator-size-background-worker=32768"
    "memorysetup-temp-allocator-size-job-worker=262144"
    "memorysetup-temp-allocator-size-preload-manager=33554432"
    "memorysetup-temp-allocator-size-nav-mesh-worker=65536"
    "memorysetup-temp-allocator-size-audio-worker=65536"
    "memorysetup-temp-allocator-size-cloud-worker=32768"
    "memorysetup-temp-allocator-size-gi-baking-worker=262144"
    "memorysetup-temp-allocator-size-gfx=262144"
Player connection [140704684078848] Host "[IP] 10.127.0.144 [Port] 0 [Flags] 2 [Guid] 3932406458 [EditorId] 3932406458 [Version] 1048832 [Id] OSXEditor(0,HS-Lab-IM-22) [Debug] 1 [PackageName] OSXEditor [ProjectName] Editor" joined multi-casting on [225.0.0.222:54997]...

Player connection [140704684078848] Host "[IP] 10.127.0.144 [Port] 0 [Flags] 2 [Guid] 3932406458 [EditorId] 3932406458 [Version] 1048832 [Id] OSXEditor(0,HS-Lab-IM-22) [Debug] 1 [PackageName] OSXEditor [ProjectName] Editor" joined alternative multi-casting on [225.0.0.222:34997]...

[Physics::Module] Initialized MultithreadedJobDispatcher with 5 workers.
Library Redirect Path: Library/Refreshing native plugins compatible for Editor in 18.50 ms, found 2 plugins.
Preloading 0 native plugins for Editor in 0.00 ms.
Initialize engine version: 2023.1.10f1 (661833f8c66c)
[Subsystems] Discovering subsystems at path /Applications/Unity/Hub/Editor/2023.1.10f1/Unity.app/Contents/Resources/UnitySubsystems
[Subsystems] Discovering subsystems at path /Users/akaganov25/Documents/GitHub/Bjorn-AriGame/Bjorn-Ari-Game/Assets
GfxDevice: creating device client; threaded=0; jobified=0
iMac preferred device: AMD Radeon Pro 560X (high power)
Metal devices available: 1
0: AMD Radeon Pro 560X (high power)
Using device AMD Radeon Pro 560X (high power)
Initializing Metal device caps: AMD Radeon Pro 560X
Initialize mono
Mono path[0] = '/Applications/Unity/Hub/Editor/2023.1.10f1/Unity.app/Contents/Managed'
Mono path[1] = '/Applications/Unity/Hub/Editor/2023.1.10f1/Unity.app/Contents/MonoBleedingEdge/lib/mono/unityjit-macos'
Mono config path = '/Applications/Unity/Hub/Editor/2023.1.10f1/Unity.app/Contents/MonoBleedingEdge/etc'
Using monoOptions --debugger-agent=transport=dt_socket,embedding=1,server=y,suspend=n,address=127.0.0.1:56113
Begin MonoManager ReloadAssembly
icall.c:1842:
icall.c:1842:
icall.c:1842:
icall.c:1842:
icall.c:1842:
icall.c:1842:
icall.c:1842:
icall.c:1842:
icall.c:1842:
icall.c:1842:
Registering precompiled unity dll's ...
Register platform support module: /Applications/Unity/Hub/Editor/2023.1.10f1/PlaybackEngines/WebGLSupport/UnityEditor.WebGL.Extensions.dll
Register platform support module: /Applications/Unity/Hub/Editor/2023.1.10f1/Unity.app/Contents/PlaybackEngines/MacStandaloneSupport/UnityEditor.OSXStandalone.Extensions.dll
Registered in 0.004114 seconds.
- Loaded All Assemblies, in  0.550 seconds
Native extension for OSXStandalone target not found
Native extension for WebGL target not found
Mono: successfully reloaded assembly
icall.c:1842:
icall.c:1842:
- Finished resetting the current domain, in  0.354 seconds
Domain Reload Profiling: 903ms
	BeginReloadAssembly (156ms)
		ExecutionOrderSort (0ms)
		DisableScriptedObjects (0ms)
		BackupInstance (0ms)
		ReleaseScriptingObjects (0ms)
		CreateAndSetChildDomain (1ms)
	RebuildCommonClasses (50ms)
	RebuildNativeTypeToScriptingClass (15ms)
	initialDomainReloadingComplete (59ms)
	LoadAllAssembliesAndSetupDomain (270ms)
		LoadAssemblies (158ms)
		RebuildTransferFunctionScriptingTraits (0ms)
		AnalyzeDomain (264ms)
			TypeCache.Refresh (263ms)
				TypeCache.ScanAssembly (247ms)
			ScanForSourceGeneratedMonoScriptInfo (0ms)
			ResolveRequiredComponents (1ms)
	FinalizeReload (354ms)
		ReleaseScriptCaches (0ms)
		RebuildScriptCaches (0ms)
		SetupLoadedEditorAssemblies (297ms)
			LogAssemblyErrors (0ms)
			InitializePlatformSupportModulesInManaged (10ms)
			SetLoadedEditorAssemblies (6ms)
			BeforeProcessingInitializeOnLoad (8ms)
			ProcessInitializeOnLoadAttributes (209ms)
			ProcessInitializeOnLoadMethodAttributes (64ms)
			AfterProcessingInitializeOnLoad (0ms)
			EditorAssembliesLoaded (0ms)
		ExecutionOrderSort2 (0ms)
		AwakeInstancesAfterBackupRestoration (0ms)
Compilation Pipeline: Could not read file Packages/com.unity.ide.vscode/Editor/Unity.com.unity.vscode.Editor.asmdef
Fatal Error! Compilation Pipeline: Could not read file Packages/com.unity.ide.vscode/Editor/Unity.com.unity.vscode.Editor.asmdef
Obtained 35 stack frames.
#0  0x007ff819456202 in __pthread_kill
#1  0x007ff8193b4b45 in abort
#2  0x0000011259dd0e in CrashDontLaunchBugReporter()
#3  0x00000110f31f10 in EditorMonoConsole::LogToConsoleImplementation(CppLogEntry&)
#4  0x00000110f3153d in EditorMonoConsole::LogToConsoleImplementation(DebugStringToFileData const&)
#5  0x00000110f33725 in LogToConsoleImplementation(DebugStringToFileData const&)
#6  0x00000111e3abce in DebugStringToFilePostprocessedStacktrace(DebugStringToFileData const&)
#7  0x00000111e3b7c8 in DebugStringToFile(DebugStringToFileData const&)
#8  0x000001114abe3f in RegisterAssemblyDefinition(core::basic_string<char, core::StringStorageDefault<char>> const&)
#9  0x000001118f53a8 in UpdateScriptCompilationPipelineCaches(ScriptChanges const&, bool)
#10 0x000001118f5e5a in WorkerInitializeAndProcessScriptChanges()
#11 0x000001110d5c15 in Application::InitializeProject()
#12 0x000001125aac7b in -[EditorApplication applicationDidFinishLaunching:]
#13 0x007ff81955f6f8 in __CFNOTIFICATIONCENTER_IS_CALLING_OUT_TO_AN_OBSERVER__
#14 0x007ff8195f845e in ___CFXRegistrationPost_block_invoke
#15 0x007ff8195f83b3 in _CFXRegistrationPost
#16 0x007ff819532987 in _CFXNotificationPost
#17 0x007ff81a39eb60 in -[NSNotificationCenter postNotificationName:object:userInfo:]
#18 0x007ff81c60bf51 in -[NSApplication _postDidFinishNotification]
#19 0x007ff81c60bc9f in -[NSApplication _sendFinishLaunchingNotification]
#20 0x007ff81c6099c2 in -[NSApplication(NSAppleEventHandling) _handleAEOpenEvent:]
#21 0x007ff81c609618 in -[NSApplication(NSAppleEventHandling) _handleCoreEvent:withReplyEvent:]
#22 0x007ff81a3c9ad4 in -[NSAppleEventManager dispatchRawAppleEvent:withRawReply:handlerRefCon:]
#23 0x007ff81a3c9946 in _NSAppleEventManagerGenericHandler
#24 0x007ff81f9b8033 in _AppleEventsCheckInAppWithBlock
#25 0x007ff81f9b789f in _AppleEventsCheckInAppWithBlock
#26 0x007ff81f9b0ec4 in aeProcessAppleEvent
#27 0x007ff822ff8c48 in AEProcessAppleEvent
#28 0x007ff81c6045a6 in _DPSNextEvent
#29 0x007ff81c603106 in -[NSApplication(NSEvent) _nextEventMatchingEventMask:untilDate:inMode:dequeue:]
#30 0x007ff81c5f5788 in -[NSApplication run]
#31 0x007ff81c5c99a1 in NSApplicationMain
#32 0x000001125c70b3 in EditorMain(int, char const**)
#33 0x000001125c73f9 in main
#34 0x007ff81913441f in start
